<?xml version="1.0" encoding="UTF-8" ?>
<testsuite tests="2" failures="0" name="cucumber.Options.TestRunner" time="7.447" errors="1" skipped="0">
  <properties>
[...]
</properties>
  <testcase classname="Validating Place APIs" name="Verify if place is being successfully added using AddPlaceAPI" time="7.107"/>
  <testcase classname="Validating Place APIs" name="Verify if Delete Place functionality is working" time="0.34">
    <error message="Cannot invoke &quot;Object.toString()&quot; because the return value of &quot;io.restassured.path.json.JsonPath.get(String)&quot; is null" type="java.lang.NullPointerException">java.lang.NullPointerException: Cannot invoke &quot;Object.toString()&quot; because the return value of &quot;io.restassured.path.json.JsonPath.get(String)&quot; is null
	at resources.Utils.getJsonPath(Utils.java:48)
	at stepDefinitions.stepDefinition.in_response_body_is(stepDefinition.java:91)
	at ✽.&quot;response&quot; in response body is &quot;OK&quot;(file:///C:/Users/aapc/eclipse-workspace/APIFramework/src/test/java/features/placeValidations.feature:29)
</error>
    <system-out>API Name: maps/api/place/delete/json
</system-out>
  </testcase>
</testsuite>